0 verbose cli /usr/local/bin/node /usr/local/bin/npm
1 info using npm@10.8.2
2 info using node@v20.19.5
3 silly config load:file:/usr/local/lib/node_modules/npm/npmrc
4 silly config load:file:/data/.npmrc
5 silly config load:file:/usr/src/node-red/.npmrc
6 silly config load:file:/usr/local/etc/npmrc
7 verbose title npm install node-red-dashboard
8 verbose argv "install" "node-red-dashboard"
9 verbose logfile logs-max:10 dir:/data/.npm/_logs/2025-11-17T18_16_24_634Z-
10 verbose logfile /data/.npm/_logs/2025-11-17T18_16_24_634Z-debug-0.log
11 silly packumentCache heap:2197815296 maxSize:549453824 maxEntrySize:274726912
12 silly logfile done cleaning log files
13 silly idealTree buildDeps
14 silly fetch manifest node-red-dashboard@*
15 silly packumentCache full:https://registry.npmjs.org/node-red-dashboard cache-miss
16 http fetch GET 200 https://registry.npmjs.org/node-red-dashboard 323ms (cache miss)
17 silly packumentCache full:https://registry.npmjs.org/node-red-dashboard set size:undefined disposed:false
18 silly placeDep ROOT node-red-dashboard@3.6.6 OK for: node-red-project@0.0.1 want: *
19 silly fetch manifest gridstack@^0.6.4
20 silly packumentCache full:https://registry.npmjs.org/gridstack cache-miss
21 silly fetch manifest socket.io@^4.8.1
22 silly packumentCache full:https://registry.npmjs.org/socket.io cache-miss
23 silly fetch manifest compression@^1.8.1
24 silly packumentCache full:https://registry.npmjs.org/compression cache-miss
25 silly fetch manifest serve-static@^1.16.2
26 silly packumentCache full:https://registry.npmjs.org/serve-static cache-miss
27 http fetch GET 200 https://registry.npmjs.org/gridstack 89ms (cache miss)
28 silly packumentCache full:https://registry.npmjs.org/gridstack set size:undefined disposed:false
29 http fetch GET 200 https://registry.npmjs.org/serve-static 162ms (cache miss)
30 silly packumentCache full:https://registry.npmjs.org/serve-static set size:undefined disposed:false
31 http fetch GET 200 https://registry.npmjs.org/compression 189ms (cache miss)
32 silly packumentCache full:https://registry.npmjs.org/compression set size:undefined disposed:false
33 http fetch GET 200 https://registry.npmjs.org/socket.io 205ms (cache miss)
34 silly packumentCache full:https://registry.npmjs.org/socket.io set size:undefined disposed:false
35 silly placeDep ROOT compression@1.8.1 OK for: node-red-dashboard@3.6.6 want: ^1.8.1
36 silly placeDep ROOT gridstack@0.6.4 OK for: node-red-dashboard@3.6.6 want: ^0.6.4
37 silly placeDep ROOT serve-static@1.16.2 OK for: node-red-dashboard@3.6.6 want: ^1.16.2
38 silly placeDep ROOT socket.io@4.8.1 OK for: node-red-dashboard@3.6.6 want: ^4.8.1
39 silly fetch manifest bytes@3.1.2
40 silly packumentCache full:https://registry.npmjs.org/bytes cache-miss
41 silly fetch manifest compressible@~2.0.18
42 silly packumentCache full:https://registry.npmjs.org/compressible cache-miss
43 silly fetch manifest debug@2.6.9
44 silly packumentCache full:https://registry.npmjs.org/debug cache-miss
45 silly fetch manifest negotiator@~0.6.4
46 silly packumentCache full:https://registry.npmjs.org/negotiator cache-miss
47 silly fetch manifest on-headers@~1.1.0
48 silly packumentCache full:https://registry.npmjs.org/on-headers cache-miss
49 silly fetch manifest safe-buffer@5.2.1
50 silly packumentCache full:https://registry.npmjs.org/safe-buffer cache-miss
51 silly fetch manifest vary@~1.1.2
52 silly packumentCache full:https://registry.npmjs.org/vary cache-miss
53 http fetch GET 200 https://registry.npmjs.org/bytes 62ms (cache miss)
54 silly packumentCache full:https://registry.npmjs.org/bytes set size:undefined disposed:false
55 silly fetch manifest jquery@^1.8 || 2 || 3
56 silly packumentCache full:https://registry.npmjs.org/jquery cache-miss
57 http fetch GET 200 https://registry.npmjs.org/compressible 65ms (cache miss)
58 silly packumentCache full:https://registry.npmjs.org/compressible set size:undefined disposed:false
59 silly fetch manifest send@0.19.0
60 silly packumentCache full:https://registry.npmjs.org/send cache-miss
61 http fetch GET 200 https://registry.npmjs.org/negotiator 73ms (cache miss)
62 silly packumentCache full:https://registry.npmjs.org/negotiator set size:undefined disposed:false
63 silly fetch manifest parseurl@~1.3.3
64 silly packumentCache full:https://registry.npmjs.org/parseurl cache-miss
65 http fetch GET 200 https://registry.npmjs.org/safe-buffer 76ms (cache miss)
66 silly packumentCache full:https://registry.npmjs.org/safe-buffer set size:undefined disposed:false
67 silly fetch manifest encodeurl@~2.0.0
68 silly packumentCache full:https://registry.npmjs.org/encodeurl cache-miss
69 http fetch GET 200 https://registry.npmjs.org/parseurl 69ms (cache miss)
70 silly packumentCache full:https://registry.npmjs.org/parseurl set size:undefined disposed:false
71 silly fetch manifest escape-html@~1.0.3
72 silly packumentCache full:https://registry.npmjs.org/escape-html cache-miss
73 http fetch GET 200 https://registry.npmjs.org/jquery 88ms (cache miss)
74 silly packumentCache full:https://registry.npmjs.org/jquery set size:undefined disposed:false
75 silly fetch manifest cors@~2.8.5
76 silly packumentCache full:https://registry.npmjs.org/cors cache-miss
77 http fetch GET 200 https://registry.npmjs.org/vary 153ms (cache miss)
78 silly packumentCache full:https://registry.npmjs.org/vary set size:undefined disposed:false
79 silly fetch manifest accepts@~1.3.4
80 silly packumentCache full:https://registry.npmjs.org/accepts cache-miss
81 http fetch GET 200 https://registry.npmjs.org/debug 158ms (cache revalidated)
82 silly packumentCache full:https://registry.npmjs.org/debug set size:195840 disposed:false
83 silly fetch manifest base64id@~2.0.0
84 silly packumentCache full:https://registry.npmjs.org/base64id cache-miss
85 http fetch GET 200 https://registry.npmjs.org/send 98ms (cache miss)
86 silly packumentCache full:https://registry.npmjs.org/send set size:undefined disposed:false
87 silly fetch manifest engine.io@~6.6.0
88 silly packumentCache full:https://registry.npmjs.org/engine.io cache-miss
89 http fetch GET 200 https://registry.npmjs.org/encodeurl 89ms (cache miss)
90 silly packumentCache full:https://registry.npmjs.org/encodeurl set size:undefined disposed:false
91 silly fetch manifest socket.io-parser@~4.2.4
92 silly packumentCache full:https://registry.npmjs.org/socket.io-parser cache-miss
93 http fetch GET 200 https://registry.npmjs.org/on-headers 172ms (cache miss)
94 silly packumentCache full:https://registry.npmjs.org/on-headers set size:undefined disposed:false
95 silly fetch manifest socket.io-adapter@~2.5.2
96 silly packumentCache full:https://registry.npmjs.org/socket.io-adapter cache-miss
97 http fetch GET 200 https://registry.npmjs.org/escape-html 56ms (cache miss)
98 silly packumentCache full:https://registry.npmjs.org/escape-html set size:undefined disposed:false
99 http fetch GET 200 https://registry.npmjs.org/cors 50ms (cache miss)
100 silly packumentCache full:https://registry.npmjs.org/cors set size:undefined disposed:false
101 http fetch GET 200 https://registry.npmjs.org/accepts 58ms (cache miss)
102 silly packumentCache full:https://registry.npmjs.org/accepts set size:undefined disposed:false
103 http fetch GET 200 https://registry.npmjs.org/base64id 54ms (cache miss)
104 silly packumentCache full:https://registry.npmjs.org/base64id set size:undefined disposed:false
105 http fetch GET 200 https://registry.npmjs.org/socket.io-parser 70ms (cache miss)
106 silly packumentCache full:https://registry.npmjs.org/socket.io-parser set size:undefined disposed:false
107 http fetch GET 200 https://registry.npmjs.org/socket.io-adapter 68ms (cache miss)
108 silly packumentCache full:https://registry.npmjs.org/socket.io-adapter set size:undefined disposed:false
109 http fetch GET 200 https://registry.npmjs.org/engine.io 78ms (cache miss)
110 silly packumentCache full:https://registry.npmjs.org/engine.io set size:undefined disposed:false
111 silly placeDep ROOT bytes@3.1.2 OK for: compression@1.8.1 want: 3.1.2
112 silly placeDep ROOT compressible@2.0.18 OK for: compression@1.8.1 want: ~2.0.18
113 silly placeDep node_modules/compression debug@2.6.9 OK for: compression@1.8.1 want: 2.6.9
114 silly placeDep ROOT negotiator@0.6.4 OK for: compression@1.8.1 want: ~0.6.4
115 silly placeDep ROOT on-headers@1.1.0 OK for: compression@1.8.1 want: ~1.1.0
116 silly placeDep ROOT safe-buffer@5.2.1 OK for: compression@1.8.1 want: 5.2.1
117 silly placeDep ROOT vary@1.1.2 OK for: compression@1.8.1 want: ~1.1.2
118 silly fetch manifest mime-db@>= 1.43.0 < 2
119 silly packumentCache full:https://registry.npmjs.org/mime-db cache-miss
120 silly fetch manifest ms@2.0.0
121 silly packumentCache full:https://registry.npmjs.org/ms cache-miss
122 http fetch GET 200 https://registry.npmjs.org/ms 51ms (cache revalidated)
123 silly packumentCache full:https://registry.npmjs.org/ms set size:92208 disposed:false
124 http fetch GET 200 https://registry.npmjs.org/mime-db 65ms (cache miss)
125 silly packumentCache full:https://registry.npmjs.org/mime-db set size:undefined disposed:false
126 silly placeDep ROOT mime-db@1.54.0 OK for: compressible@2.0.18 want: >= 1.43.0 < 2
127 silly placeDep ROOT jquery@3.7.1 OK for: gridstack@0.6.4 want: ^1.8 || 2 || 3
128 silly placeDep ROOT encodeurl@2.0.0 OK for: serve-static@1.16.2 want: ~2.0.0
129 silly placeDep ROOT escape-html@1.0.3 OK for: serve-static@1.16.2 want: ~1.0.3
130 silly placeDep ROOT parseurl@1.3.3 OK for: serve-static@1.16.2 want: ~1.3.3
131 silly placeDep ROOT send@0.19.0 OK for: serve-static@1.16.2 want: 0.19.0
132 silly fetch manifest depd@2.0.0
133 silly packumentCache full:https://registry.npmjs.org/depd cache-miss
134 silly fetch manifest etag@~1.8.1
135 silly packumentCache full:https://registry.npmjs.org/etag cache-miss
136 silly fetch manifest mime@1.6.0
137 silly packumentCache full:https://registry.npmjs.org/mime cache-miss
138 silly fetch manifest fresh@0.5.2
139 silly packumentCache full:https://registry.npmjs.org/fresh cache-miss
140 silly fetch manifest destroy@1.2.0
141 silly packumentCache full:https://registry.npmjs.org/destroy cache-miss
142 silly fetch manifest statuses@2.0.1
143 silly packumentCache full:https://registry.npmjs.org/statuses cache-miss
144 silly fetch manifest encodeurl@~1.0.2
145 silly packumentCache full:https://registry.npmjs.org/encodeurl cache-miss
146 http fetch GET 200 https://registry.npmjs.org/encodeurl 6ms (cache hit)
147 silly packumentCache full:https://registry.npmjs.org/encodeurl set size:12296 disposed:false
148 silly fetch manifest http-errors@2.0.0
149 silly packumentCache full:https://registry.npmjs.org/http-errors cache-miss
150 http fetch GET 200 https://registry.npmjs.org/statuses 59ms (cache miss)
151 silly packumentCache full:https://registry.npmjs.org/statuses set size:undefined disposed:false
152 silly fetch manifest on-finished@2.4.1
153 silly packumentCache full:https://registry.npmjs.org/on-finished cache-miss
154 http fetch GET 200 https://registry.npmjs.org/depd 70ms (cache miss)
155 silly packumentCache full:https://registry.npmjs.org/depd set size:undefined disposed:false
156 silly fetch manifest range-parser@~1.2.1
157 silly packumentCache full:https://registry.npmjs.org/range-parser cache-miss
158 http fetch GET 200 https://registry.npmjs.org/etag 70ms (cache miss)
159 silly packumentCache full:https://registry.npmjs.org/etag set size:undefined disposed:false
160 http fetch GET 200 https://registry.npmjs.org/fresh 71ms (cache miss)
161 silly packumentCache full:https://registry.npmjs.org/fresh set size:undefined disposed:false
162 http fetch GET 200 https://registry.npmjs.org/http-errors 69ms (cache miss)
163 silly packumentCache full:https://registry.npmjs.org/http-errors set size:undefined disposed:false
164 http fetch GET 200 https://registry.npmjs.org/destroy 78ms (cache miss)
165 silly packumentCache full:https://registry.npmjs.org/destroy set size:undefined disposed:false
166 http fetch GET 200 https://registry.npmjs.org/mime 81ms (cache miss)
167 silly packumentCache full:https://registry.npmjs.org/mime set size:undefined disposed:false
168 http fetch GET 200 https://registry.npmjs.org/on-finished 53ms (cache miss)
169 silly packumentCache full:https://registry.npmjs.org/on-finished set size:undefined disposed:false
170 http fetch GET 200 https://registry.npmjs.org/range-parser 47ms (cache miss)
171 silly packumentCache full:https://registry.npmjs.org/range-parser set size:undefined disposed:false
172 silly placeDep node_modules/send debug@2.6.9 OK for: send@0.19.0 want: 2.6.9
173 silly placeDep ROOT depd@2.0.0 OK for: send@0.19.0 want: 2.0.0
174 silly placeDep ROOT destroy@1.2.0 OK for: send@0.19.0 want: 1.2.0
175 silly placeDep node_modules/send encodeurl@1.0.2 OK for: send@0.19.0 want: ~1.0.2
176 silly placeDep ROOT etag@1.8.1 OK for: send@0.19.0 want: ~1.8.1
177 silly placeDep ROOT fresh@0.5.2 OK for: send@0.19.0 want: 0.5.2
178 silly placeDep ROOT http-errors@2.0.0 OK for: send@0.19.0 want: 2.0.0
179 silly placeDep ROOT mime@1.6.0 OK for: send@0.19.0 want: 1.6.0
180 silly placeDep ROOT on-finished@2.4.1 OK for: send@0.19.0 want: 2.4.1
181 silly placeDep ROOT range-parser@1.2.1 OK for: send@0.19.0 want: ~1.2.1
182 silly placeDep ROOT statuses@2.0.1 OK for: send@0.19.0 want: 2.0.1
183 silly fetch manifest inherits@2.0.4
184 silly packumentCache full:https://registry.npmjs.org/inherits cache-miss
185 silly fetch manifest toidentifier@1.0.1
186 silly packumentCache full:https://registry.npmjs.org/toidentifier cache-miss
187 silly fetch manifest setprototypeof@1.2.0
188 silly packumentCache full:https://registry.npmjs.org/setprototypeof cache-miss
189 silly fetch manifest ee-first@1.1.1
190 silly packumentCache full:https://registry.npmjs.org/ee-first cache-miss
191 http fetch GET 200 https://registry.npmjs.org/inherits 49ms (cache miss)
192 silly packumentCache full:https://registry.npmjs.org/inherits set size:undefined disposed:false
193 http fetch GET 200 https://registry.npmjs.org/setprototypeof 56ms (cache miss)
194 silly packumentCache full:https://registry.npmjs.org/setprototypeof set size:undefined disposed:false
195 http fetch GET 200 https://registry.npmjs.org/ee-first 61ms (cache miss)
196 silly packumentCache full:https://registry.npmjs.org/ee-first set size:undefined disposed:false
197 http fetch GET 200 https://registry.npmjs.org/toidentifier 67ms (cache miss)
198 silly packumentCache full:https://registry.npmjs.org/toidentifier set size:undefined disposed:false
199 silly placeDep ROOT inherits@2.0.4 OK for: http-errors@2.0.0 want: 2.0.4
200 silly placeDep ROOT setprototypeof@1.2.0 OK for: http-errors@2.0.0 want: 1.2.0
201 silly placeDep ROOT toidentifier@1.0.1 OK for: http-errors@2.0.0 want: 1.0.1
202 silly placeDep ROOT ee-first@1.1.1 OK for: on-finished@2.4.1 want: 1.1.1
203 silly placeDep ROOT accepts@1.3.8 OK for: socket.io@4.8.1 want: ~1.3.4
204 silly placeDep ROOT base64id@2.0.0 OK for: socket.io@4.8.1 want: ~2.0.0
205 silly placeDep ROOT cors@2.8.5 OK for: socket.io@4.8.1 want: ~2.8.5
206 silly placeDep ROOT engine.io@6.6.4 OK for: socket.io@4.8.1 want: ~6.6.0
207 silly placeDep ROOT socket.io-adapter@2.5.5 OK for: socket.io@4.8.1 want: ~2.5.2
208 silly placeDep ROOT socket.io-parser@4.2.4 OK for: socket.io@4.8.1 want: ~4.2.4
209 silly fetch manifest mime-types@~2.1.34
210 silly packumentCache full:https://registry.npmjs.org/mime-types cache-miss
211 silly fetch manifest negotiator@0.6.3
212 silly packumentCache full:https://registry.npmjs.org/negotiator cache-miss
213 silly fetch manifest object-assign@^4
214 silly packumentCache full:https://registry.npmjs.org/object-assign cache-miss
215 silly fetch manifest @types/cors@^2.8.12
216 silly packumentCache full:https://registry.npmjs.org/@types%2fcors cache-miss
217 silly fetch manifest @types/node@>=10.0.0
218 silly packumentCache full:https://registry.npmjs.org/@types%2fnode cache-miss
219 silly fetch manifest cookie@~0.7.2
220 silly packumentCache full:https://registry.npmjs.org/cookie cache-miss
221 silly fetch manifest engine.io-parser@~5.2.1
222 silly packumentCache full:https://registry.npmjs.org/engine.io-parser cache-miss
223 http fetch GET 200 https://registry.npmjs.org/negotiator 13ms (cache hit)
224 silly packumentCache full:https://registry.npmjs.org/negotiator set size:48046 disposed:false
225 silly fetch manifest ws@~8.17.1
226 silly packumentCache full:https://registry.npmjs.org/ws cache-miss
227 http fetch GET 200 https://registry.npmjs.org/object-assign 51ms (cache miss)
228 silly packumentCache full:https://registry.npmjs.org/object-assign set size:undefined disposed:false
229 silly fetch manifest ws@~8.17.1
230 silly packumentCache full:https://registry.npmjs.org/ws cache-miss
231 http fetch GET 200 https://registry.npmjs.org/cookie 83ms (cache miss)
232 silly packumentCache full:https://registry.npmjs.org/cookie set size:undefined disposed:false
233 silly fetch manifest @socket.io/component-emitter@~3.1.0
234 silly packumentCache full:https://registry.npmjs.org/@socket.io%2fcomponent-emitter cache-miss
235 http fetch GET 200 https://registry.npmjs.org/@types%2fcors 86ms (cache miss)
236 silly packumentCache full:https://registry.npmjs.org/@types%2fcors set size:undefined disposed:false
237 http fetch GET 200 https://registry.npmjs.org/mime-types 92ms (cache miss)
238 silly packumentCache full:https://registry.npmjs.org/mime-types set size:undefined disposed:false
239 http fetch GET 200 https://registry.npmjs.org/engine.io-parser 108ms (cache miss)
240 silly packumentCache full:https://registry.npmjs.org/engine.io-parser set size:undefined disposed:false
241 http fetch GET 200 https://registry.npmjs.org/ws 70ms (cache miss)
242 silly packumentCache full:https://registry.npmjs.org/ws set size:undefined disposed:false
243 http fetch GET 200 https://registry.npmjs.org/ws 125ms (cache miss)
244 silly packumentCache full:https://registry.npmjs.org/ws set size:undefined disposed:false
245 http fetch GET 200 https://registry.npmjs.org/@socket.io%2fcomponent-emitter 68ms (cache miss)
246 silly packumentCache full:https://registry.npmjs.org/@socket.io%2fcomponent-emitter set size:undefined disposed:false
247 http fetch GET 200 https://registry.npmjs.org/@types%2fnode 245ms (cache miss)
248 silly packumentCache full:https://registry.npmjs.org/@types%2fnode set size:undefined disposed:false
249 silly placeDep ROOT mime-types@2.1.35 OK for: accepts@1.3.8 want: ~2.1.34
250 silly placeDep node_modules/accepts negotiator@0.6.3 OK for: accepts@1.3.8 want: 0.6.3
251 silly fetch manifest mime-db@1.52.0
252 silly packumentCache full:https://registry.npmjs.org/mime-db cache-miss
253 http fetch GET 200 https://registry.npmjs.org/mime-db 9ms (cache hit)
254 silly packumentCache full:https://registry.npmjs.org/mime-db set size:164953 disposed:false
255 silly placeDep ROOT object-assign@4.1.1 OK for: cors@2.8.5 want: ^4
256 silly fetch manifest bufferutil@^4.0.1
257 silly packumentCache full:https://registry.npmjs.org/bufferutil cache-miss
258 http fetch GET 200 https://registry.npmjs.org/bufferutil 54ms (cache miss)
259 silly packumentCache full:https://registry.npmjs.org/bufferutil set size:undefined disposed:false
260 silly fetch manifest utf-8-validate@>=5.0.2
261 silly packumentCache full:https://registry.npmjs.org/utf-8-validate cache-miss
262 http fetch GET 200 https://registry.npmjs.org/utf-8-validate 50ms (cache miss)
263 silly packumentCache full:https://registry.npmjs.org/utf-8-validate set size:undefined disposed:false
264 silly placeDep ROOT @types/cors@2.8.19 OK for: engine.io@6.6.4 want: ^2.8.12
265 silly placeDep ROOT @types/node@24.10.1 OK for: engine.io@6.6.4 want: >=10.0.0
266 silly placeDep ROOT cookie@0.7.2 OK for: engine.io@6.6.4 want: ~0.7.2
267 silly placeDep ROOT engine.io-parser@5.2.3 OK for: engine.io@6.6.4 want: ~5.2.1
268 silly placeDep ROOT ws@8.17.1 OK for: engine.io@6.6.4 want: ~8.17.1
269 silly fetch manifest @types/node@*
270 silly packumentCache full:https://registry.npmjs.org/@types%2fnode cache-miss
271 silly fetch manifest undici-types@~7.16.0
272 silly packumentCache full:https://registry.npmjs.org/undici-types cache-miss
273 http fetch GET 200 https://registry.npmjs.org/@types%2fnode 19ms (cache hit)
274 silly packumentCache full:https://registry.npmjs.org/@types%2fnode set size:10693501 disposed:false
275 http fetch GET 200 https://registry.npmjs.org/undici-types 90ms (cache miss)
276 silly packumentCache full:https://registry.npmjs.org/undici-types set size:undefined disposed:false
277 silly placeDep ROOT undici-types@7.16.0 OK for: @types/node@24.10.1 want: ~7.16.0
278 silly placeDep node_modules/mime-types mime-db@1.52.0 OK for: mime-types@2.1.35 want: 1.52.0
279 silly placeDep ROOT @socket.io/component-emitter@3.1.2 OK for: socket.io-parser@4.2.4 want: ~3.1.0
280 silly placeDep node_modules/compression ms@2.0.0 OK for: debug@2.6.9 want: 2.0.0
281 silly placeDep node_modules/send/node_modules/debug ms@2.0.0 OK for: debug@2.6.9 want: 2.0.0
282 silly reify moves {}
283 silly audit bulk request {
283 silly audit   '@openp4nr/modbus-serial': [ '8.4.0' ],
283 silly audit   '@serialport/bindings-cpp': [ '10.8.0', '12.0.1' ],
283 silly audit   '@serialport/parser-byte-length': [ '10.5.0', '12.0.0' ],
283 silly audit   '@serialport/parser-cctalk': [ '10.5.0', '12.0.0' ],
283 silly audit   '@serialport/parser-delimiter': [ '10.5.0', '11.0.0', '12.0.0' ],
283 silly audit   '@serialport/parser-inter-byte-timeout': [ '10.5.0', '12.0.0' ],
283 silly audit   '@serialport/parser-packet-length': [ '10.5.0', '12.0.0' ],
283 silly audit   '@serialport/parser-readline': [ '10.5.0', '11.0.0', '12.0.0' ],
283 silly audit   '@serialport/parser-ready': [ '10.5.0', '12.0.0' ],
283 silly audit   '@serialport/parser-regex': [ '10.5.0', '12.0.0' ],
283 silly audit   '@serialport/parser-slip-encoder': [ '10.5.0', '12.0.0' ],
283 silly audit   '@serialport/parser-spacepacket': [ '10.5.0', '12.0.0' ],
283 silly audit   '@serialport/stream': [ '10.5.0', '12.0.0' ],
283 silly audit   'node-addon-api': [ '5.1.0', '7.0.0' ],
283 silly audit   serialport: [ '10.5.0', '12.0.0' ],
283 silly audit   '@serialport/binding-mock': [ '10.2.2' ],
283 silly audit   debug: [ '4.3.4', '4.3.7', '3.2.7', '2.6.9' ],
283 silly audit   ms: [ '2.1.2', '2.1.3', '2.0.0' ],
283 silly audit   '@serialport/bindings-interface': [ '1.2.2' ],
283 silly audit   '@serialport/list': [ '12.0.0' ],
283 silly audit   '@xstate/fsm': [ '2.1.0' ],
283 silly audit   bson: [ '6.9.1' ],
283 silly audit   'buffer-from': [ '1.1.2' ],
283 silly audit   commander: [ '11.0.0' ],
283 silly audit   crc: [ '3.4.0' ],
283 silly audit   jsmodbus: [ '4.0.10' ],
283 silly audit   'line-by-line': [ '0.1.6' ],
283 silly audit   'node-gyp-build': [ '4.6.0' ],
283 silly audit   'node-red-contrib-modbus': [ '5.45.2' ],
283 silly audit   'source-map': [ '0.6.1' ],
283 silly audit   'source-map-support': [ '0.5.21' ],
283 silly audit   underscore: [ '1.13.7' ],
283 silly audit   'node-red-dashboard': [ '3.6.6' ],
283 silly audit   compression: [ '1.8.1' ],
283 silly audit   gridstack: [ '0.6.4' ],
283 silly audit   'serve-static': [ '1.16.2' ],
283 silly audit   'socket.io': [ '4.8.1' ],
283 silly audit   bytes: [ '3.1.2' ],
283 silly audit   compressible: [ '2.0.18' ],
283 silly audit   negotiator: [ '0.6.4', '0.6.3' ],
283 silly audit   'on-headers': [ '1.1.0' ],
283 silly audit   'safe-buffer': [ '5.2.1' ],
283 silly audit   vary: [ '1.1.2' ],
283 silly audit   'mime-db': [ '1.54.0', '1.52.0' ],
283 silly audit   jquery: [ '3.7.1' ],
283 silly audit   encodeurl: [ '2.0.0', '1.0.2' ],
283 silly audit   'escape-html': [ '1.0.3' ],
283 silly audit   parseurl: [ '1.3.3' ],
283 silly audit   send: [ '0.19.0' ],
283 silly audit   depd: [ '2.0.0' ],
283 silly audit   destroy: [ '1.2.0' ],
283 silly audit   etag: [ '1.8.1' ],
283 silly audit   fresh: [ '0.5.2' ],
283 silly audit   'http-errors': [ '2.0.0' ],
283 silly audit   mime: [ '1.6.0' ],
283 silly audit   'on-finished': [ '2.4.1' ],
283 silly audit   'range-parser': [ '1.2.1' ],
283 silly audit   statuses: [ '2.0.1' ],
283 silly audit   inherits: [ '2.0.4' ],
283 silly audit   setprototypeof: [ '1.2.0' ],
283 silly audit   toidentifier: [ '1.0.1' ],
283 silly audit   'ee-first': [ '1.1.1' ],
283 silly audit   accepts: [ '1.3.8' ],
283 silly audit   base64id: [ '2.0.0' ],
283 silly audit   cors: [ '2.8.5' ],
283 silly audit   'engine.io': [ '6.6.4' ],
283 silly audit   'socket.io-adapter': [ '2.5.5' ],
283 silly audit   'socket.io-parser': [ '4.2.4' ],
283 silly audit   'mime-types': [ '2.1.35' ],
283 silly audit   'object-assign': [ '4.1.1' ],
283 silly audit   '@types/cors': [ '2.8.19' ],
283 silly audit   '@types/node': [ '24.10.1' ],
283 silly audit   cookie: [ '0.7.2' ],
283 silly audit   'engine.io-parser': [ '5.2.3' ],
283 silly audit   ws: [ '8.17.1' ],
283 silly audit   'undici-types': [ '7.16.0' ],
283 silly audit   '@socket.io/component-emitter': [ '3.1.2' ]
283 silly audit }
284 silly tarball no local data for @socket.io/component-emitter@https://registry.npmjs.org/@socket.io/component-emitter/-/component-emitter-3.1.2.tgz. Extracting by manifest.
285 silly tarball no local data for ws@https://registry.npmjs.org/ws/-/ws-8.17.1.tgz. Extracting by manifest.
286 silly tarball no local data for engine.io-parser@https://registry.npmjs.org/engine.io-parser/-/engine.io-parser-5.2.3.tgz. Extracting by manifest.
287 silly tarball no local data for undici-types@https://registry.npmjs.org/undici-types/-/undici-types-7.16.0.tgz. Extracting by manifest.
288 silly tarball no local data for object-assign@https://registry.npmjs.org/object-assign/-/object-assign-4.1.1.tgz. Extracting by manifest.
289 silly tarball no local data for @types/cors@https://registry.npmjs.org/@types/cors/-/cors-2.8.19.tgz. Extracting by manifest.
290 silly tarball no local data for socket.io-parser@https://registry.npmjs.org/socket.io-parser/-/socket.io-parser-4.2.4.tgz. Extracting by manifest.
291 silly tarball no local data for @types/node@https://registry.npmjs.org/@types/node/-/node-24.10.1.tgz. Extracting by manifest.
292 silly tarball no local data for engine.io@https://registry.npmjs.org/engine.io/-/engine.io-6.6.4.tgz. Extracting by manifest.
293 silly tarball no local data for cors@https://registry.npmjs.org/cors/-/cors-2.8.5.tgz. Extracting by manifest.
294 silly tarball no local data for accepts@https://registry.npmjs.org/accepts/-/accepts-1.3.8.tgz. Extracting by manifest.
295 silly tarball no local data for base64id@https://registry.npmjs.org/base64id/-/base64id-2.0.0.tgz. Extracting by manifest.
296 silly tarball no local data for ee-first@https://registry.npmjs.org/ee-first/-/ee-first-1.1.1.tgz. Extracting by manifest.
297 silly tarball no local data for toidentifier@https://registry.npmjs.org/toidentifier/-/toidentifier-1.0.1.tgz. Extracting by manifest.
298 silly tarball no local data for inherits@https://registry.npmjs.org/inherits/-/inherits-2.0.4.tgz. Extracting by manifest.
299 silly tarball no local data for setprototypeof@https://registry.npmjs.org/setprototypeof/-/setprototypeof-1.2.0.tgz. Extracting by manifest.
300 silly tarball no local data for statuses@https://registry.npmjs.org/statuses/-/statuses-2.0.1.tgz. Extracting by manifest.
301 silly tarball no local data for range-parser@https://registry.npmjs.org/range-parser/-/range-parser-1.2.1.tgz. Extracting by manifest.
302 silly tarball no local data for cookie@https://registry.npmjs.org/cookie/-/cookie-0.7.2.tgz. Extracting by manifest.
303 silly tarball no local data for mime@https://registry.npmjs.org/mime/-/mime-1.6.0.tgz. Extracting by manifest.
304 silly tarball no local data for http-errors@https://registry.npmjs.org/http-errors/-/http-errors-2.0.0.tgz. Extracting by manifest.
305 silly tarball no local data for etag@https://registry.npmjs.org/etag/-/etag-1.8.1.tgz. Extracting by manifest.
306 silly tarball no local data for depd@https://registry.npmjs.org/depd/-/depd-2.0.0.tgz. Extracting by manifest.
307 silly tarball no local data for fresh@https://registry.npmjs.org/fresh/-/fresh-0.5.2.tgz. Extracting by manifest.
308 silly tarball no local data for destroy@https://registry.npmjs.org/destroy/-/destroy-1.2.0.tgz. Extracting by manifest.
309 silly tarball no local data for send@https://registry.npmjs.org/send/-/send-0.19.0.tgz. Extracting by manifest.
310 silly tarball no local data for parseurl@https://registry.npmjs.org/parseurl/-/parseurl-1.3.3.tgz. Extracting by manifest.
311 silly tarball no local data for encodeurl@https://registry.npmjs.org/encodeurl/-/encodeurl-2.0.0.tgz. Extracting by manifest.
312 silly tarball no local data for escape-html@https://registry.npmjs.org/escape-html/-/escape-html-1.0.3.tgz. Extracting by manifest.
313 silly tarball no local data for jquery@https://registry.npmjs.org/jquery/-/jquery-3.7.1.tgz. Extracting by manifest.
314 silly tarball no local data for mime-db@https://registry.npmjs.org/mime-db/-/mime-db-1.54.0.tgz. Extracting by manifest.
315 silly tarball no local data for safe-buffer@https://registry.npmjs.org/safe-buffer/-/safe-buffer-5.2.1.tgz. Extracting by manifest.
316 silly tarball no local data for vary@https://registry.npmjs.org/vary/-/vary-1.1.2.tgz. Extracting by manifest.
317 silly tarball no local data for on-headers@https://registry.npmjs.org/on-headers/-/on-headers-1.1.0.tgz. Extracting by manifest.
318 silly tarball no local data for negotiator@https://registry.npmjs.org/negotiator/-/negotiator-0.6.4.tgz. Extracting by manifest.
319 silly tarball no local data for compressible@https://registry.npmjs.org/compressible/-/compressible-2.0.18.tgz. Extracting by manifest.
320 silly tarball no local data for bytes@https://registry.npmjs.org/bytes/-/bytes-3.1.2.tgz. Extracting by manifest.
321 silly tarball no local data for gridstack@https://registry.npmjs.org/gridstack/-/gridstack-0.6.4.tgz. Extracting by manifest.
322 silly tarball no local data for node-red-dashboard@https://registry.npmjs.org/node-red-dashboard/-/node-red-dashboard-3.6.6.tgz. Extracting by manifest.
323 silly tarball no local data for socket.io@https://registry.npmjs.org/socket.io/-/socket.io-4.8.1.tgz. Extracting by manifest.
324 silly tarball no local data for compression@https://registry.npmjs.org/compression/-/compression-1.8.1.tgz. Extracting by manifest.
325 silly tarball no local data for serve-static@https://registry.npmjs.org/serve-static/-/serve-static-1.16.2.tgz. Extracting by manifest.
326 silly tarball no local data for mime-db@https://registry.npmjs.org/mime-db/-/mime-db-1.52.0.tgz. Extracting by manifest.
327 silly tarball no local data for mime-types@https://registry.npmjs.org/mime-types/-/mime-types-2.1.35.tgz. Extracting by manifest.
328 silly tarball no local data for encodeurl@https://registry.npmjs.org/encodeurl/-/encodeurl-1.0.2.tgz. Extracting by manifest.
329 silly tarball no local data for socket.io-adapter@https://registry.npmjs.org/socket.io-adapter/-/socket.io-adapter-2.5.5.tgz. Extracting by manifest.
330 silly tarball no local data for ms@https://registry.npmjs.org/ms/-/ms-2.0.0.tgz. Extracting by manifest.
331 silly tarball no local data for negotiator@https://registry.npmjs.org/negotiator/-/negotiator-0.6.3.tgz. Extracting by manifest.
332 silly tarball no local data for debug@https://registry.npmjs.org/debug/-/debug-2.6.9.tgz. Extracting by manifest.
333 silly tarball no local data for debug@https://registry.npmjs.org/debug/-/debug-2.6.9.tgz. Extracting by manifest.
334 silly tarball no local data for on-finished@https://registry.npmjs.org/on-finished/-/on-finished-2.4.1.tgz. Extracting by manifest.
335 silly tarball no local data for ms@https://registry.npmjs.org/ms/-/ms-2.0.0.tgz. Extracting by manifest.
336 http fetch GET 200 https://registry.npmjs.org/engine.io-parser/-/engine.io-parser-5.2.3.tgz 107ms (cache miss)
337 http fetch GET 200 https://registry.npmjs.org/@types/cors/-/cors-2.8.19.tgz 106ms (cache miss)
338 http fetch GET 200 https://registry.npmjs.org/@socket.io/component-emitter/-/component-emitter-3.1.2.tgz 109ms (cache miss)
339 http fetch GET 200 https://registry.npmjs.org/ws/-/ws-8.17.1.tgz 110ms (cache miss)
340 http fetch GET 200 https://registry.npmjs.org/object-assign/-/object-assign-4.1.1.tgz 109ms (cache miss)
341 http fetch GET 200 https://registry.npmjs.org/setprototypeof/-/setprototypeof-1.2.0.tgz 131ms (cache miss)
342 http fetch GET 200 https://registry.npmjs.org/undici-types/-/undici-types-7.16.0.tgz 139ms (cache miss)
343 http fetch GET 200 https://registry.npmjs.org/range-parser/-/range-parser-1.2.1.tgz 184ms (cache miss)
344 http fetch GET 200 https://registry.npmjs.org/inherits/-/inherits-2.0.4.tgz 185ms (cache miss)
345 http fetch GET 200 https://registry.npmjs.org/cookie/-/cookie-0.7.2.tgz 186ms (cache miss)
346 http fetch GET 200 https://registry.npmjs.org/mime/-/mime-1.6.0.tgz 188ms (cache miss)
347 http fetch GET 200 https://registry.npmjs.org/statuses/-/statuses-2.0.1.tgz 190ms (cache miss)
348 http fetch GET 200 https://registry.npmjs.org/http-errors/-/http-errors-2.0.0.tgz 189ms (cache miss)
349 http fetch POST 200 https://registry.npmjs.org/-/npm/v1/security/advisories/bulk 246ms
350 silly audit report {}
351 http fetch GET 200 https://registry.npmjs.org/destroy/-/destroy-1.2.0.tgz 243ms (cache miss)
352 http fetch GET 200 https://registry.npmjs.org/etag/-/etag-1.8.1.tgz 247ms (cache miss)
353 http fetch GET 200 https://registry.npmjs.org/accepts/-/accepts-1.3.8.tgz 254ms (cache miss)
354 http fetch GET 200 https://registry.npmjs.org/parseurl/-/parseurl-1.3.3.tgz 248ms (cache miss)
355 http fetch GET 200 https://registry.npmjs.org/depd/-/depd-2.0.0.tgz 250ms (cache miss)
356 http fetch GET 200 https://registry.npmjs.org/ee-first/-/ee-first-1.1.1.tgz 255ms (cache miss)
357 http fetch GET 200 https://registry.npmjs.org/send/-/send-0.19.0.tgz 250ms (cache miss)
358 http fetch GET 200 https://registry.npmjs.org/fresh/-/fresh-0.5.2.tgz 252ms (cache miss)
359 http fetch GET 200 https://registry.npmjs.org/base64id/-/base64id-2.0.0.tgz 257ms (cache miss)
360 http fetch GET 200 https://registry.npmjs.org/cors/-/cors-2.8.5.tgz 260ms (cache miss)
361 http fetch GET 200 https://registry.npmjs.org/toidentifier/-/toidentifier-1.0.1.tgz 259ms (cache miss)
362 http fetch GET 200 https://registry.npmjs.org/engine.io/-/engine.io-6.6.4.tgz 279ms (cache miss)
363 http fetch GET 200 https://registry.npmjs.org/encodeurl/-/encodeurl-2.0.0.tgz 365ms (cache miss)
364 http fetch GET 200 https://registry.npmjs.org/compressible/-/compressible-2.0.18.tgz 365ms (cache miss)
365 http fetch GET 200 https://registry.npmjs.org/safe-buffer/-/safe-buffer-5.2.1.tgz 370ms (cache miss)
366 http fetch GET 200 https://registry.npmjs.org/escape-html/-/escape-html-1.0.3.tgz 374ms (cache miss)
367 http fetch GET 200 https://registry.npmjs.org/vary/-/vary-1.1.2.tgz 374ms (cache miss)
368 http fetch GET 200 https://registry.npmjs.org/on-headers/-/on-headers-1.1.0.tgz 374ms (cache miss)
369 http fetch GET 200 https://registry.npmjs.org/bytes/-/bytes-3.1.2.tgz 375ms (cache miss)
370 http fetch GET 200 https://registry.npmjs.org/mime-db/-/mime-db-1.54.0.tgz 380ms (cache miss)
371 http fetch GET 200 https://registry.npmjs.org/compression/-/compression-1.8.1.tgz 385ms (cache miss)
372 http fetch GET 200 https://registry.npmjs.org/negotiator/-/negotiator-0.6.4.tgz 388ms (cache miss)
373 http fetch GET 200 https://registry.npmjs.org/serve-static/-/serve-static-1.16.2.tgz 386ms (cache miss)
374 http fetch GET 200 https://registry.npmjs.org/mime-db/-/mime-db-1.52.0.tgz 390ms (cache miss)
375 http fetch GET 200 https://registry.npmjs.org/socket.io-parser/-/socket.io-parser-4.2.4.tgz 419ms (cache miss)
376 http fetch GET 200 https://registry.npmjs.org/mime-types/-/mime-types-2.1.35.tgz 419ms (cache miss)
377 http fetch GET 200 https://registry.npmjs.org/ms/-/ms-2.0.0.tgz 423ms (cache miss)
378 http fetch GET 200 https://registry.npmjs.org/encodeurl/-/encodeurl-1.0.2.tgz 427ms (cache miss)
379 http fetch GET 200 https://registry.npmjs.org/ms/-/ms-2.0.0.tgz 428ms (cache miss)
380 http fetch GET 200 https://registry.npmjs.org/negotiator/-/negotiator-0.6.3.tgz 437ms (cache miss)
381 http fetch GET 200 https://registry.npmjs.org/@types/node/-/node-24.10.1.tgz 464ms (cache miss)
382 http fetch GET 200 https://registry.npmjs.org/debug/-/debug-2.6.9.tgz 452ms (cache miss)
383 http fetch GET 200 https://registry.npmjs.org/socket.io-adapter/-/socket.io-adapter-2.5.5.tgz 453ms (cache miss)
384 http fetch GET 200 https://registry.npmjs.org/debug/-/debug-2.6.9.tgz 453ms (cache miss)
385 http fetch GET 200 https://registry.npmjs.org/gridstack/-/gridstack-0.6.4.tgz 483ms (cache miss)
386 http fetch GET 200 https://registry.npmjs.org/on-finished/-/on-finished-2.4.1.tgz 496ms (cache miss)
387 http fetch GET 200 https://registry.npmjs.org/socket.io/-/socket.io-4.8.1.tgz 513ms (cache miss)
388 http fetch GET 200 https://registry.npmjs.org/jquery/-/jquery-3.7.1.tgz 545ms (cache miss)
389 http fetch GET 200 https://registry.npmjs.org/node-red-dashboard/-/node-red-dashboard-3.6.6.tgz 586ms (cache miss)
390 warn deprecated node-red-dashboard@3.6.6: No longer maintained - please look at alternatives such as @flowfuse/node-red-dashboard or node-red-contrib-uibuilder
391 info run node-red-dashboard@3.6.6 postinstall node_modules/node-red-dashboard node fixgrid.js
392 info run node-red-dashboard@3.6.6 postinstall { code: 0, signal: null }
393 silly ADD node_modules/@socket.io/component-emitter
394 silly ADD node_modules/undici-types
395 silly ADD node_modules/ws
396 silly ADD node_modules/engine.io-parser
397 silly ADD node_modules/cookie
398 silly ADD node_modules/@types/node
399 silly ADD node_modules/@types/cors
400 silly ADD node_modules/object-assign
401 silly ADD node_modules/mime-types
402 silly ADD node_modules/mime-types/node_modules/mime-db
403 silly ADD node_modules/socket.io-parser
404 silly ADD node_modules/socket.io-adapter
405 silly ADD node_modules/engine.io
406 silly ADD node_modules/cors
407 silly ADD node_modules/base64id
408 silly ADD node_modules/accepts
409 silly ADD node_modules/accepts/node_modules/negotiator
410 silly ADD node_modules/ee-first
411 silly ADD node_modules/toidentifier
412 silly ADD node_modules/setprototypeof
413 silly ADD node_modules/inherits
414 silly ADD node_modules/statuses
415 silly ADD node_modules/range-parser
416 silly ADD node_modules/on-finished
417 silly ADD node_modules/mime
418 silly ADD node_modules/http-errors
419 silly ADD node_modules/fresh
420 silly ADD node_modules/etag
421 silly ADD node_modules/destroy
422 silly ADD node_modules/depd
423 silly ADD node_modules/send
424 silly ADD node_modules/send/node_modules/encodeurl
425 silly ADD node_modules/send/node_modules/debug
426 silly ADD node_modules/send/node_modules/debug/node_modules/ms
427 silly ADD node_modules/parseurl
428 silly ADD node_modules/escape-html
429 silly ADD node_modules/encodeurl
430 silly ADD node_modules/jquery
431 silly ADD node_modules/mime-db
432 silly ADD node_modules/vary
433 silly ADD node_modules/safe-buffer
434 silly ADD node_modules/on-headers
435 silly ADD node_modules/negotiator
436 silly ADD node_modules/compressible
437 silly ADD node_modules/bytes
438 silly ADD node_modules/socket.io
439 silly ADD node_modules/serve-static
440 silly ADD node_modules/gridstack
441 silly ADD node_modules/compression
442 silly ADD node_modules/compression/node_modules/ms
443 silly ADD node_modules/compression/node_modules/debug
444 silly ADD node_modules/node-red-dashboard
445 verbose cwd /data
446 verbose os Linux 6.10.14-linuxkit
447 verbose node v20.19.5
448 verbose npm  v10.8.2
449 verbose exit 0
450 info ok
