0 verbose cli /usr/local/bin/node /usr/local/bin/npm
1 info using npm@10.8.2
2 info using node@v20.19.5
3 silly config load:file:/usr/local/lib/node_modules/npm/npmrc
4 silly config load:file:/data/.npmrc
5 silly config load:file:/usr/src/node-red/.npmrc
6 silly config load:file:/usr/local/etc/npmrc
7 verbose title npm install node-red-contrib-modbus
8 verbose argv "install" "node-red-contrib-modbus"
9 verbose logfile logs-max:10 dir:/data/.npm/_logs/2025-11-16T18_31_52_171Z-
10 verbose logfile /data/.npm/_logs/2025-11-16T18_31_52_171Z-debug-0.log
11 silly packumentCache heap:2197815296 maxSize:549453824 maxEntrySize:274726912
12 silly logfile done cleaning log files
13 silly idealTree buildDeps
14 silly fetch manifest node-red-contrib-modbus@*
15 silly packumentCache full:https://registry.npmjs.org/node-red-contrib-modbus cache-miss
16 http fetch GET 200 https://registry.npmjs.org/npm 278ms
17 http fetch GET 200 https://registry.npmjs.org/node-red-contrib-modbus 812ms (cache miss)
18 silly packumentCache full:https://registry.npmjs.org/node-red-contrib-modbus set size:undefined disposed:false
19 silly placeDep ROOT node-red-contrib-modbus@5.45.2 OK for: node-red-project@0.0.1 want: *
20 silly fetch manifest bson@~6.9.0
21 silly packumentCache full:https://registry.npmjs.org/bson cache-miss
22 silly fetch manifest debug@~4.3.7
23 silly packumentCache full:https://registry.npmjs.org/debug cache-miss
24 silly fetch manifest jsmodbus@~4.0.10
25 silly packumentCache full:https://registry.npmjs.org/jsmodbus cache-miss
26 silly fetch manifest underscore@~1.13.7
27 silly packumentCache full:https://registry.npmjs.org/underscore cache-miss
28 silly fetch manifest @xstate/fsm@~2.1.0
29 silly packumentCache full:https://registry.npmjs.org/@xstate%2ffsm cache-miss
30 silly fetch manifest line-by-line@~0.1.6
31 silly packumentCache full:https://registry.npmjs.org/line-by-line cache-miss
32 silly fetch manifest source-map-support@~0.5.21
33 silly packumentCache full:https://registry.npmjs.org/source-map-support cache-miss
34 http fetch GET 200 https://registry.npmjs.org/debug 66ms (cache miss)
35 silly packumentCache full:https://registry.npmjs.org/debug set size:undefined disposed:false
36 silly fetch manifest @openp4nr/modbus-serial@https://dl.cloudsmith.io/public/iniationware-gmbh/plus4nodered/npm/openp4nr/modbus-serial/8.4.0/openp4nr-modbus-serial-8.4.0.tgz
37 http fetch GET 200 https://registry.npmjs.org/bson 102ms (cache miss)
38 silly packumentCache full:https://registry.npmjs.org/bson set size:undefined disposed:false
39 silly fetch manifest serialport@~12.0.0
40 silly packumentCache full:https://registry.npmjs.org/serialport cache-miss
41 http fetch GET 200 https://registry.npmjs.org/underscore 167ms (cache miss)
42 silly packumentCache full:https://registry.npmjs.org/underscore set size:undefined disposed:false
43 silly fetch manifest @serialport/list@~12.0.0
44 silly packumentCache full:https://registry.npmjs.org/@serialport%2flist cache-miss
45 http fetch GET 200 https://registry.npmjs.org/source-map-support 180ms (cache miss)
46 silly packumentCache full:https://registry.npmjs.org/source-map-support set size:undefined disposed:false
47 http fetch GET 200 https://registry.npmjs.org/line-by-line 202ms (cache miss)
48 silly packumentCache full:https://registry.npmjs.org/line-by-line set size:undefined disposed:false
49 http fetch GET 200 https://registry.npmjs.org/@xstate%2ffsm 207ms (cache miss)
50 silly packumentCache full:https://registry.npmjs.org/@xstate%2ffsm set size:undefined disposed:false
51 http fetch GET 200 https://dl.cloudsmith.io/public/iniationware-gmbh/plus4nodered/npm/openp4nr/modbus-serial/8.4.0/openp4nr-modbus-serial-8.4.0.tgz 610ms (cache miss)
52 http fetch GET 200 https://registry.npmjs.org/serialport 582ms (cache miss)
53 silly packumentCache full:https://registry.npmjs.org/serialport set size:undefined disposed:false
54 http fetch GET 200 https://registry.npmjs.org/jsmodbus 754ms (cache miss)
55 silly packumentCache full:https://registry.npmjs.org/jsmodbus set size:undefined disposed:false
56 http fetch GET 200 https://registry.npmjs.org/@serialport%2flist 1362ms (cache miss)
57 silly packumentCache full:https://registry.npmjs.org/@serialport%2flist set size:undefined disposed:false
58 silly placeDep ROOT @openp4nr/modbus-serial@8.4.0 OK for: node-red-contrib-modbus@5.45.2 want: https://dl.cloudsmith.io/public/iniationware-gmbh/plus4nodered/npm/openp4nr/modbus-serial/8.4.0/openp4nr-modbus-serial-8.4.0.tgz
59 silly placeDep ROOT @serialport/list@12.0.0 OK for: node-red-contrib-modbus@5.45.2 want: ~12.0.0
60 silly placeDep ROOT @xstate/fsm@2.1.0 OK for: node-red-contrib-modbus@5.45.2 want: ~2.1.0
61 silly placeDep ROOT bson@6.9.1 OK for: node-red-contrib-modbus@5.45.2 want: ~6.9.0
62 silly placeDep ROOT debug@4.3.7 OK for: node-red-contrib-modbus@5.45.2 want: ~4.3.7
63 silly placeDep ROOT jsmodbus@4.0.10 OK for: node-red-contrib-modbus@5.45.2 want: ~4.0.10
64 silly placeDep ROOT line-by-line@0.1.6 OK for: node-red-contrib-modbus@5.45.2 want: ~0.1.6
65 silly placeDep ROOT serialport@12.0.0 OK for: node-red-contrib-modbus@5.45.2 want: ~12.0.0
66 silly placeDep ROOT source-map-support@0.5.21 OK for: node-red-contrib-modbus@5.45.2 want: ~0.5.21
67 silly placeDep ROOT underscore@1.13.7 OK for: node-red-contrib-modbus@5.45.2 want: ~1.13.7
68 silly fetch manifest debug@^4.1.1
69 silly packumentCache full:https://registry.npmjs.org/debug cache-miss
70 silly fetch manifest serialport@^10.4.0
71 silly packumentCache full:https://registry.npmjs.org/serialport cache-miss
72 silly fetch manifest commander@11.0.0
73 silly packumentCache full:https://registry.npmjs.org/commander cache-miss
74 silly fetch manifest @serialport/bindings-cpp@12.0.1
75 silly packumentCache full:https://registry.npmjs.org/@serialport%2fbindings-cpp cache-miss
76 silly fetch manifest ms@^2.1.3
77 silly packumentCache full:https://registry.npmjs.org/ms cache-miss
78 silly fetch manifest crc@3.4.0
79 silly packumentCache full:https://registry.npmjs.org/crc cache-miss
80 silly fetch manifest debug@^3.1.0
81 silly packumentCache full:https://registry.npmjs.org/debug cache-miss
82 http fetch GET 200 https://registry.npmjs.org/debug 15ms (cache hit)
83 silly packumentCache full:https://registry.npmjs.org/debug set size:195840 disposed:false
84 silly fetch manifest debug@4.3.4
85 silly packumentCache full:https://registry.npmjs.org/debug cache-hit
86 silly fetch manifest @serialport/stream@12.0.0
87 silly packumentCache full:https://registry.npmjs.org/@serialport%2fstream cache-miss
88 http fetch GET 200 https://registry.npmjs.org/debug 22ms (cache hit)
89 silly packumentCache full:https://registry.npmjs.org/debug set size:195840 disposed:false
90 silly packumentCache full:https://registry.npmjs.org/debug dispose
91 silly fetch manifest @serialport/binding-mock@10.2.2
92 silly packumentCache full:https://registry.npmjs.org/@serialport%2fbinding-mock cache-miss
93 http fetch GET 200 https://registry.npmjs.org/serialport 26ms (cache hit)
94 silly packumentCache full:https://registry.npmjs.org/serialport set size:490346 disposed:false
95 silly fetch manifest @serialport/bindings-cpp@12.0.1
96 silly packumentCache full:https://registry.npmjs.org/@serialport%2fbindings-cpp cache-miss
97 http fetch GET 200 https://registry.npmjs.org/crc 63ms (cache miss)
98 silly packumentCache full:https://registry.npmjs.org/crc set size:undefined disposed:false
99 silly fetch manifest @serialport/parser-ready@12.0.0
100 silly packumentCache full:https://registry.npmjs.org/@serialport%2fparser-ready cache-miss
101 http fetch GET 200 https://registry.npmjs.org/ms 75ms (cache miss)
102 silly packumentCache full:https://registry.npmjs.org/ms set size:undefined disposed:false
103 silly fetch manifest @serialport/parser-regex@12.0.0
104 silly packumentCache full:https://registry.npmjs.org/@serialport%2fparser-regex cache-miss
105 http fetch GET 200 https://registry.npmjs.org/commander 110ms (cache miss)
106 silly packumentCache full:https://registry.npmjs.org/commander set size:undefined disposed:false
107 silly fetch manifest @serialport/parser-cctalk@12.0.0
108 silly packumentCache full:https://registry.npmjs.org/@serialport%2fparser-cctalk cache-miss
109 http fetch GET 200 https://registry.npmjs.org/@serialport%2fparser-ready 110ms (cache miss)
110 silly packumentCache full:https://registry.npmjs.org/@serialport%2fparser-ready set size:undefined disposed:false
111 silly fetch manifest @serialport/parser-readline@12.0.0
112 silly packumentCache full:https://registry.npmjs.org/@serialport%2fparser-readline cache-miss
113 http fetch GET 200 https://registry.npmjs.org/@serialport%2fparser-cctalk 122ms (cache miss)
114 silly packumentCache full:https://registry.npmjs.org/@serialport%2fparser-cctalk set size:undefined disposed:false
115 silly fetch manifest @serialport/parser-delimiter@12.0.0
116 silly packumentCache full:https://registry.npmjs.org/@serialport%2fparser-delimiter cache-miss
117 http fetch GET 200 https://registry.npmjs.org/@serialport%2fstream 684ms (cache miss)
118 silly packumentCache full:https://registry.npmjs.org/@serialport%2fstream set size:undefined disposed:false
119 silly fetch manifest @serialport/parser-byte-length@12.0.0
120 silly packumentCache full:https://registry.npmjs.org/@serialport%2fparser-byte-length cache-miss
121 http fetch GET 200 https://registry.npmjs.org/@serialport%2fbindings-cpp 688ms (cache miss)
122 silly packumentCache full:https://registry.npmjs.org/@serialport%2fbindings-cpp set size:undefined disposed:false
123 silly fetch manifest @serialport/parser-spacepacket@12.0.0
124 silly packumentCache full:https://registry.npmjs.org/@serialport%2fparser-spacepacket cache-miss
125 http fetch GET 200 https://registry.npmjs.org/@serialport%2fbindings-cpp 723ms (cache miss)
126 silly packumentCache full:https://registry.npmjs.org/@serialport%2fbindings-cpp set size:undefined disposed:false
127 silly fetch manifest @serialport/parser-slip-encoder@12.0.0
128 silly packumentCache full:https://registry.npmjs.org/@serialport%2fparser-slip-encoder cache-miss
129 http fetch GET 200 https://registry.npmjs.org/@serialport%2fbinding-mock 706ms (cache miss)
130 silly packumentCache full:https://registry.npmjs.org/@serialport%2fbinding-mock set size:undefined disposed:false
131 silly fetch manifest @serialport/parser-packet-length@12.0.0
132 silly packumentCache full:https://registry.npmjs.org/@serialport%2fparser-packet-length cache-miss
133 http fetch GET 200 https://registry.npmjs.org/@serialport%2fparser-spacepacket 131ms (cache miss)
134 silly packumentCache full:https://registry.npmjs.org/@serialport%2fparser-spacepacket set size:undefined disposed:false
135 silly fetch manifest @serialport/parser-inter-byte-timeout@12.0.0
136 silly packumentCache full:https://registry.npmjs.org/@serialport%2fparser-inter-byte-timeout cache-miss
137 http fetch GET 200 https://registry.npmjs.org/@serialport%2fparser-byte-length 161ms (cache miss)
138 silly packumentCache full:https://registry.npmjs.org/@serialport%2fparser-byte-length set size:undefined disposed:false
139 silly fetch manifest buffer-from@^1.0.0
140 silly packumentCache full:https://registry.npmjs.org/buffer-from cache-miss
141 http fetch GET 200 https://registry.npmjs.org/@serialport%2fparser-slip-encoder 150ms (cache miss)
142 silly packumentCache full:https://registry.npmjs.org/@serialport%2fparser-slip-encoder set size:undefined disposed:false
143 silly fetch manifest source-map@^0.6.0
144 silly packumentCache full:https://registry.npmjs.org/source-map cache-miss
145 http fetch GET 200 https://registry.npmjs.org/source-map 68ms (cache miss)
146 silly packumentCache full:https://registry.npmjs.org/source-map set size:undefined disposed:false
147 http fetch GET 200 https://registry.npmjs.org/buffer-from 81ms (cache miss)
148 silly packumentCache full:https://registry.npmjs.org/buffer-from set size:undefined disposed:false
149 http fetch GET 200 https://registry.npmjs.org/@serialport%2fparser-regex 1253ms (cache miss)
150 silly packumentCache full:https://registry.npmjs.org/@serialport%2fparser-regex set size:undefined disposed:false
151 http fetch GET 200 https://registry.npmjs.org/@serialport%2fparser-readline 1231ms (cache miss)
152 silly packumentCache full:https://registry.npmjs.org/@serialport%2fparser-readline set size:undefined disposed:false
153 http fetch GET 200 https://registry.npmjs.org/@serialport%2fparser-delimiter 1237ms (cache miss)
154 silly packumentCache full:https://registry.npmjs.org/@serialport%2fparser-delimiter set size:undefined disposed:false
155 http fetch GET 200 https://registry.npmjs.org/@serialport%2fparser-packet-length 1209ms (cache miss)
156 silly packumentCache full:https://registry.npmjs.org/@serialport%2fparser-packet-length set size:undefined disposed:false
157 http fetch GET 200 https://registry.npmjs.org/@serialport%2fparser-inter-byte-timeout 1378ms (cache miss)
158 silly packumentCache full:https://registry.npmjs.org/@serialport%2fparser-inter-byte-timeout set size:undefined disposed:false
159 silly placeDep node_modules/@openp4nr/modbus-serial serialport@10.5.0 OK for: @openp4nr/modbus-serial@8.4.0 want: ^10.4.0
160 silly fetch manifest @serialport/stream@10.5.0
161 silly packumentCache full:https://registry.npmjs.org/@serialport%2fstream cache-miss
162 silly fetch manifest @serialport/bindings-cpp@10.8.0
163 silly packumentCache full:https://registry.npmjs.org/@serialport%2fbindings-cpp cache-miss
164 silly fetch manifest @serialport/parser-ready@10.5.0
165 silly packumentCache full:https://registry.npmjs.org/@serialport%2fparser-ready cache-miss
166 silly fetch manifest @serialport/parser-regex@10.5.0
167 silly packumentCache full:https://registry.npmjs.org/@serialport%2fparser-regex cache-miss
168 silly fetch manifest @serialport/parser-cctalk@10.5.0
169 silly packumentCache full:https://registry.npmjs.org/@serialport%2fparser-cctalk cache-miss
170 silly fetch manifest @serialport/parser-readline@10.5.0
171 silly packumentCache full:https://registry.npmjs.org/@serialport%2fparser-readline cache-miss
172 silly fetch manifest @serialport/parser-delimiter@10.5.0
173 silly packumentCache full:https://registry.npmjs.org/@serialport%2fparser-delimiter cache-miss
174 http fetch GET 200 https://registry.npmjs.org/@serialport%2fparser-regex 21ms (cache hit)
175 silly packumentCache full:https://registry.npmjs.org/@serialport%2fparser-regex set size:58180 disposed:false
176 silly fetch manifest @serialport/parser-byte-length@10.5.0
177 silly packumentCache full:https://registry.npmjs.org/@serialport%2fparser-byte-length cache-miss
178 http fetch GET 200 https://registry.npmjs.org/@serialport%2fparser-delimiter 25ms (cache hit)
179 silly packumentCache full:https://registry.npmjs.org/@serialport%2fparser-delimiter set size:58805 disposed:false
180 silly fetch manifest @serialport/parser-spacepacket@10.5.0
181 silly packumentCache full:https://registry.npmjs.org/@serialport%2fparser-spacepacket cache-miss
182 http fetch GET 200 https://registry.npmjs.org/@serialport%2fparser-readline 28ms (cache hit)
183 silly packumentCache full:https://registry.npmjs.org/@serialport%2fparser-readline set size:60363 disposed:false
184 silly fetch manifest @serialport/parser-slip-encoder@10.5.0
185 silly packumentCache full:https://registry.npmjs.org/@serialport%2fparser-slip-encoder cache-miss
186 http fetch GET 200 https://registry.npmjs.org/@serialport%2fparser-cctalk 31ms (cache hit)
187 silly packumentCache full:https://registry.npmjs.org/@serialport%2fparser-cctalk set size:58687 disposed:false
188 silly fetch manifest @serialport/parser-packet-length@10.5.0
189 silly packumentCache full:https://registry.npmjs.org/@serialport%2fparser-packet-length cache-miss
190 http fetch GET 200 https://registry.npmjs.org/@serialport%2fbindings-cpp 36ms (cache hit)
191 silly packumentCache full:https://registry.npmjs.org/@serialport%2fbindings-cpp set size:141588 disposed:false
192 silly fetch manifest @serialport/parser-inter-byte-timeout@10.5.0
193 silly packumentCache full:https://registry.npmjs.org/@serialport%2fparser-inter-byte-timeout cache-miss
194 http fetch GET 200 https://registry.npmjs.org/@serialport%2fstream 38ms (cache hit)
195 silly packumentCache full:https://registry.npmjs.org/@serialport%2fstream set size:75131 disposed:false
196 http fetch GET 200 https://registry.npmjs.org/@serialport%2fparser-ready 37ms (cache hit)
197 silly packumentCache full:https://registry.npmjs.org/@serialport%2fparser-ready set size:58179 disposed:false
198 http fetch GET 200 https://registry.npmjs.org/@serialport%2fparser-byte-length 19ms (cache hit)
199 silly packumentCache full:https://registry.npmjs.org/@serialport%2fparser-byte-length set size:59122 disposed:false
200 http fetch GET 200 https://registry.npmjs.org/@serialport%2fparser-inter-byte-timeout 10ms (cache hit)
201 silly packumentCache full:https://registry.npmjs.org/@serialport%2fparser-inter-byte-timeout set size:52699 disposed:false
202 http fetch GET 200 https://registry.npmjs.org/@serialport%2fparser-slip-encoder 13ms (cache hit)
203 silly packumentCache full:https://registry.npmjs.org/@serialport%2fparser-slip-encoder set size:61783 disposed:false
204 http fetch GET 200 https://registry.npmjs.org/@serialport%2fparser-packet-length 13ms (cache hit)
205 silly packumentCache full:https://registry.npmjs.org/@serialport%2fparser-packet-length set size:30339 disposed:false
206 http fetch GET 200 https://registry.npmjs.org/@serialport%2fparser-spacepacket 16ms (cache hit)
207 silly packumentCache full:https://registry.npmjs.org/@serialport%2fparser-spacepacket set size:34720 disposed:false
208 silly placeDep ROOT @serialport/bindings-cpp@12.0.1 OK for: @serialport/list@12.0.0 want: 12.0.1
209 silly placeDep ROOT commander@11.0.0 OK for: @serialport/list@12.0.0 want: 11.0.0
210 silly fetch manifest node-addon-api@7.0.0
211 silly packumentCache full:https://registry.npmjs.org/node-addon-api cache-miss
212 silly fetch manifest node-gyp-build@4.6.0
213 silly packumentCache full:https://registry.npmjs.org/node-gyp-build cache-miss
214 silly fetch manifest @serialport/parser-readline@11.0.0
215 silly packumentCache full:https://registry.npmjs.org/@serialport%2fparser-readline cache-hit
216 silly fetch manifest @serialport/bindings-interface@1.2.2
217 silly packumentCache full:https://registry.npmjs.org/@serialport%2fbindings-interface cache-miss
218 http fetch GET 200 https://registry.npmjs.org/node-gyp-build 86ms (cache miss)
219 silly packumentCache full:https://registry.npmjs.org/node-gyp-build set size:undefined disposed:false
220 http fetch GET 200 https://registry.npmjs.org/node-addon-api 95ms (cache miss)
221 silly packumentCache full:https://registry.npmjs.org/node-addon-api set size:undefined disposed:false
222 http fetch GET 200 https://registry.npmjs.org/@serialport%2fbindings-interface 1305ms (cache miss)
223 silly packumentCache full:https://registry.npmjs.org/@serialport%2fbindings-interface set size:undefined disposed:false
224 silly placeDep ROOT @serialport/bindings-interface@1.2.2 OK for: @serialport/bindings-cpp@12.0.1 want: 1.2.2
225 silly placeDep ROOT @serialport/parser-readline@11.0.0 OK for: @serialport/bindings-cpp@12.0.1 want: 11.0.0
226 silly placeDep node_modules/@serialport/bindings-cpp debug@4.3.4 OK for: @serialport/bindings-cpp@12.0.1 want: 4.3.4
227 silly placeDep ROOT node-addon-api@7.0.0 OK for: @serialport/bindings-cpp@12.0.1 want: 7.0.0
228 silly placeDep ROOT node-gyp-build@4.6.0 OK for: @serialport/bindings-cpp@12.0.1 want: 4.6.0
229 silly fetch manifest @serialport/parser-delimiter@11.0.0
230 silly packumentCache full:https://registry.npmjs.org/@serialport%2fparser-delimiter cache-hit
231 silly fetch manifest ms@2.1.2
232 silly packumentCache full:https://registry.npmjs.org/ms cache-miss
233 http fetch GET 200 https://registry.npmjs.org/ms 8ms (cache hit)
234 silly packumentCache full:https://registry.npmjs.org/ms set size:92208 disposed:false
235 silly placeDep ROOT @serialport/parser-delimiter@11.0.0 OK for: @serialport/parser-readline@11.0.0 want: 11.0.0
236 silly placeDep ROOT ms@2.1.3 OK for: debug@4.3.7 want: ^2.1.3
237 silly placeDep ROOT crc@3.4.0 OK for: jsmodbus@4.0.10 want: 3.4.0
238 silly placeDep node_modules/jsmodbus debug@3.2.7 OK for: jsmodbus@4.0.10 want: ^3.1.0
239 silly placeDep ROOT @serialport/binding-mock@10.2.2 OK for: serialport@12.0.0 want: 10.2.2
240 silly placeDep ROOT @serialport/parser-byte-length@12.0.0 OK for: serialport@12.0.0 want: 12.0.0
241 silly placeDep ROOT @serialport/parser-cctalk@12.0.0 OK for: serialport@12.0.0 want: 12.0.0
242 silly placeDep node_modules/serialport @serialport/parser-delimiter@12.0.0 OK for: serialport@12.0.0 want: 12.0.0
243 silly placeDep ROOT @serialport/parser-inter-byte-timeout@12.0.0 OK for: serialport@12.0.0 want: 12.0.0
244 silly placeDep ROOT @serialport/parser-packet-length@12.0.0 OK for: serialport@12.0.0 want: 12.0.0
245 silly placeDep node_modules/serialport @serialport/parser-readline@12.0.0 OK for: serialport@12.0.0 want: 12.0.0
246 silly placeDep ROOT @serialport/parser-ready@12.0.0 OK for: serialport@12.0.0 want: 12.0.0
247 silly placeDep ROOT @serialport/parser-regex@12.0.0 OK for: serialport@12.0.0 want: 12.0.0
248 silly placeDep ROOT @serialport/parser-slip-encoder@12.0.0 OK for: serialport@12.0.0 want: 12.0.0
249 silly placeDep ROOT @serialport/parser-spacepacket@12.0.0 OK for: serialport@12.0.0 want: 12.0.0
250 silly placeDep ROOT @serialport/stream@12.0.0 OK for: serialport@12.0.0 want: 12.0.0
251 silly placeDep node_modules/serialport debug@4.3.4 OK for: serialport@12.0.0 want: 4.3.4
252 silly placeDep node_modules/@serialport/stream debug@4.3.4 OK for: @serialport/stream@12.0.0 want: 4.3.4
253 silly placeDep ROOT buffer-from@1.1.2 OK for: source-map-support@0.5.21 want: ^1.0.0
254 silly placeDep ROOT source-map@0.6.1 OK for: source-map-support@0.5.21 want: ^0.6.0
255 silly placeDep node_modules/@openp4nr/modbus-serial @serialport/bindings-cpp@10.8.0 OK for: serialport@10.5.0 want: 10.8.0
256 silly placeDep node_modules/@openp4nr/modbus-serial @serialport/parser-byte-length@10.5.0 OK for: serialport@10.5.0 want: 10.5.0
257 silly placeDep node_modules/@openp4nr/modbus-serial @serialport/parser-cctalk@10.5.0 OK for: serialport@10.5.0 want: 10.5.0
258 silly placeDep node_modules/@openp4nr/modbus-serial @serialport/parser-delimiter@10.5.0 OK for: serialport@10.5.0 want: 10.5.0
259 silly placeDep node_modules/@openp4nr/modbus-serial @serialport/parser-inter-byte-timeout@10.5.0 OK for: serialport@10.5.0 want: 10.5.0
260 silly placeDep node_modules/@openp4nr/modbus-serial @serialport/parser-packet-length@10.5.0 OK for: serialport@10.5.0 want: 10.5.0
261 silly placeDep node_modules/@openp4nr/modbus-serial @serialport/parser-readline@10.5.0 OK for: serialport@10.5.0 want: 10.5.0
262 silly placeDep node_modules/@openp4nr/modbus-serial @serialport/parser-ready@10.5.0 OK for: serialport@10.5.0 want: 10.5.0
263 silly placeDep node_modules/@openp4nr/modbus-serial @serialport/parser-regex@10.5.0 OK for: serialport@10.5.0 want: 10.5.0
264 silly placeDep node_modules/@openp4nr/modbus-serial @serialport/parser-slip-encoder@10.5.0 OK for: serialport@10.5.0 want: 10.5.0
265 silly placeDep node_modules/@openp4nr/modbus-serial @serialport/parser-spacepacket@10.5.0 OK for: serialport@10.5.0 want: 10.5.0
266 silly placeDep node_modules/@openp4nr/modbus-serial @serialport/stream@10.5.0 OK for: serialport@10.5.0 want: 10.5.0
267 silly fetch manifest node-addon-api@^5.0.0
268 silly packumentCache full:https://registry.npmjs.org/node-addon-api cache-miss
269 silly fetch manifest @serialport/parser-readline@^10.2.1
270 silly packumentCache full:https://registry.npmjs.org/@serialport%2fparser-readline cache-hit
271 http fetch GET 200 https://registry.npmjs.org/node-addon-api 5ms (cache hit)
272 silly packumentCache full:https://registry.npmjs.org/node-addon-api set size:328136 disposed:false
273 silly placeDep node_modules/@openp4nr/modbus-serial node-addon-api@5.1.0 OK for: @serialport/bindings-cpp@10.8.0 want: ^5.0.0
274 silly placeDep node_modules/@serialport/bindings-cpp ms@2.1.2 OK for: debug@4.3.4 want: 2.1.2
275 silly placeDep node_modules/@serialport/stream ms@2.1.2 OK for: debug@4.3.4 want: 2.1.2
276 silly placeDep node_modules/serialport ms@2.1.2 OK for: debug@4.3.4 want: 2.1.2
277 silly reify moves {}
278 silly audit bulk request {
278 silly audit   'node-red-contrib-modbus': [ '5.45.2' ],
278 silly audit   '@openp4nr/modbus-serial': [ '8.4.0' ],
278 silly audit   '@serialport/list': [ '12.0.0' ],
278 silly audit   '@xstate/fsm': [ '2.1.0' ],
278 silly audit   bson: [ '6.9.1' ],
278 silly audit   debug: [ '4.3.7', '4.3.4', '3.2.7' ],
278 silly audit   jsmodbus: [ '4.0.10' ],
278 silly audit   'line-by-line': [ '0.1.6' ],
278 silly audit   serialport: [ '12.0.0', '10.5.0' ],
278 silly audit   'source-map-support': [ '0.5.21' ],
278 silly audit   underscore: [ '1.13.7' ],
278 silly audit   '@serialport/bindings-cpp': [ '12.0.1', '10.8.0' ],
278 silly audit   commander: [ '11.0.0' ],
278 silly audit   '@serialport/bindings-interface': [ '1.2.2' ],
278 silly audit   '@serialport/parser-readline': [ '11.0.0', '12.0.0', '10.5.0' ],
278 silly audit   'node-addon-api': [ '7.0.0', '5.1.0' ],
278 silly audit   'node-gyp-build': [ '4.6.0' ],
278 silly audit   '@serialport/parser-delimiter': [ '11.0.0', '12.0.0', '10.5.0' ],
278 silly audit   ms: [ '2.1.3', '2.1.2' ],
278 silly audit   crc: [ '3.4.0' ],
278 silly audit   '@serialport/binding-mock': [ '10.2.2' ],
278 silly audit   '@serialport/parser-byte-length': [ '12.0.0', '10.5.0' ],
278 silly audit   '@serialport/parser-cctalk': [ '12.0.0', '10.5.0' ],
278 silly audit   '@serialport/parser-inter-byte-timeout': [ '12.0.0', '10.5.0' ],
278 silly audit   '@serialport/parser-packet-length': [ '12.0.0', '10.5.0' ],
278 silly audit   '@serialport/parser-ready': [ '12.0.0', '10.5.0' ],
278 silly audit   '@serialport/parser-regex': [ '12.0.0', '10.5.0' ],
278 silly audit   '@serialport/parser-slip-encoder': [ '12.0.0', '10.5.0' ],
278 silly audit   '@serialport/parser-spacepacket': [ '12.0.0', '10.5.0' ],
278 silly audit   '@serialport/stream': [ '12.0.0', '10.5.0' ],
278 silly audit   'buffer-from': [ '1.1.2' ],
278 silly audit   'source-map': [ '0.6.1' ]
278 silly audit }
279 silly tarball no local data for @serialport/stream@https://registry.npmjs.org/@serialport/stream/-/stream-12.0.0.tgz. Extracting by manifest.
280 silly tarball no local data for source-map@https://registry.npmjs.org/source-map/-/source-map-0.6.1.tgz. Extracting by manifest.
281 silly tarball no local data for buffer-from@https://registry.npmjs.org/buffer-from/-/buffer-from-1.1.2.tgz. Extracting by manifest.
282 silly tarball no local data for @serialport/parser-spacepacket@https://registry.npmjs.org/@serialport/parser-spacepacket/-/parser-spacepacket-12.0.0.tgz. Extracting by manifest.
283 silly tarball no local data for @serialport/parser-regex@https://registry.npmjs.org/@serialport/parser-regex/-/parser-regex-12.0.0.tgz. Extracting by manifest.
284 silly tarball no local data for @serialport/parser-cctalk@https://registry.npmjs.org/@serialport/parser-cctalk/-/parser-cctalk-12.0.0.tgz. Extracting by manifest.
285 silly tarball no local data for @serialport/parser-byte-length@https://registry.npmjs.org/@serialport/parser-byte-length/-/parser-byte-length-12.0.0.tgz. Extracting by manifest.
286 silly tarball no local data for @serialport/parser-inter-byte-timeout@https://registry.npmjs.org/@serialport/parser-inter-byte-timeout/-/parser-inter-byte-timeout-12.0.0.tgz. Extracting by manifest.
287 silly tarball no local data for @serialport/binding-mock@https://registry.npmjs.org/@serialport/binding-mock/-/binding-mock-10.2.2.tgz. Extracting by manifest.
288 silly tarball no local data for crc@https://registry.npmjs.org/crc/-/crc-3.4.0.tgz. Extracting by manifest.
289 silly tarball no local data for @serialport/parser-slip-encoder@https://registry.npmjs.org/@serialport/parser-slip-encoder/-/parser-slip-encoder-12.0.0.tgz. Extracting by manifest.
290 silly tarball no local data for ms@https://registry.npmjs.org/ms/-/ms-2.1.3.tgz. Extracting by manifest.
291 silly tarball no local data for @serialport/parser-delimiter@https://registry.npmjs.org/@serialport/parser-delimiter/-/parser-delimiter-11.0.0.tgz. Extracting by manifest.
292 silly tarball no local data for node-gyp-build@https://registry.npmjs.org/node-gyp-build/-/node-gyp-build-4.6.0.tgz. Extracting by manifest.
293 silly tarball no local data for @serialport/parser-ready@https://registry.npmjs.org/@serialport/parser-ready/-/parser-ready-12.0.0.tgz. Extracting by manifest.
294 silly tarball no local data for @serialport/parser-readline@https://registry.npmjs.org/@serialport/parser-readline/-/parser-readline-11.0.0.tgz. Extracting by manifest.
295 silly tarball no local data for @serialport/bindings-interface@https://registry.npmjs.org/@serialport/bindings-interface/-/bindings-interface-1.2.2.tgz. Extracting by manifest.
296 silly tarball no local data for @serialport/bindings-cpp@https://registry.npmjs.org/@serialport/bindings-cpp/-/bindings-cpp-12.0.1.tgz. Extracting by manifest.
297 silly tarball no local data for @serialport/parser-packet-length@https://registry.npmjs.org/@serialport/parser-packet-length/-/parser-packet-length-12.0.0.tgz. Extracting by manifest.
298 silly tarball no local data for node-addon-api@https://registry.npmjs.org/node-addon-api/-/node-addon-api-7.0.0.tgz. Extracting by manifest.
299 silly tarball no local data for commander@https://registry.npmjs.org/commander/-/commander-11.0.0.tgz. Extracting by manifest.
300 silly tarball no local data for source-map-support@https://registry.npmjs.org/source-map-support/-/source-map-support-0.5.21.tgz. Extracting by manifest.
301 silly tarball no local data for debug@https://registry.npmjs.org/debug/-/debug-4.3.7.tgz. Extracting by manifest.
302 silly tarball no local data for bson@https://registry.npmjs.org/bson/-/bson-6.9.1.tgz. Extracting by manifest.
303 silly tarball no local data for jsmodbus@https://registry.npmjs.org/jsmodbus/-/jsmodbus-4.0.10.tgz. Extracting by manifest.
304 silly tarball no local data for serialport@https://registry.npmjs.org/serialport/-/serialport-12.0.0.tgz. Extracting by manifest.
305 silly tarball no local data for @serialport/list@https://registry.npmjs.org/@serialport/list/-/list-12.0.0.tgz. Extracting by manifest.
306 silly tarball no local data for @xstate/fsm@https://registry.npmjs.org/@xstate/fsm/-/fsm-2.1.0.tgz. Extracting by manifest.
307 silly tarball no local data for underscore@https://registry.npmjs.org/underscore/-/underscore-1.13.7.tgz. Extracting by manifest.
308 silly tarball no local data for line-by-line@https://registry.npmjs.org/line-by-line/-/line-by-line-0.1.6.tgz. Extracting by manifest.
309 silly tarball no local data for ms@https://registry.npmjs.org/ms/-/ms-2.1.2.tgz. Extracting by manifest.
310 silly tarball no local data for ms@https://registry.npmjs.org/ms/-/ms-2.1.2.tgz. Extracting by manifest.
311 silly tarball no local data for debug@https://registry.npmjs.org/debug/-/debug-4.3.4.tgz. Extracting by manifest.
312 silly tarball no local data for @serialport/parser-readline@https://registry.npmjs.org/@serialport/parser-readline/-/parser-readline-12.0.0.tgz. Extracting by manifest.
313 silly tarball no local data for debug@https://registry.npmjs.org/debug/-/debug-4.3.4.tgz. Extracting by manifest.
314 silly tarball no local data for node-addon-api@https://registry.npmjs.org/node-addon-api/-/node-addon-api-5.1.0.tgz. Extracting by manifest.
315 silly tarball no local data for node-red-contrib-modbus@https://registry.npmjs.org/node-red-contrib-modbus/-/node-red-contrib-modbus-5.45.2.tgz. Extracting by manifest.
316 silly tarball no local data for debug@https://registry.npmjs.org/debug/-/debug-4.3.4.tgz. Extracting by manifest.
317 silly tarball no local data for @serialport/parser-delimiter@https://registry.npmjs.org/@serialport/parser-delimiter/-/parser-delimiter-12.0.0.tgz. Extracting by manifest.
318 silly tarball no local data for @serialport/stream@https://registry.npmjs.org/@serialport/stream/-/stream-10.5.0.tgz. Extracting by manifest.
319 silly tarball no local data for ms@https://registry.npmjs.org/ms/-/ms-2.1.2.tgz. Extracting by manifest.
320 silly tarball no local data for @serialport/parser-slip-encoder@https://registry.npmjs.org/@serialport/parser-slip-encoder/-/parser-slip-encoder-10.5.0.tgz. Extracting by manifest.
321 silly tarball no local data for @serialport/parser-packet-length@https://registry.npmjs.org/@serialport/parser-packet-length/-/parser-packet-length-10.5.0.tgz. Extracting by manifest.
322 silly tarball no local data for @serialport/parser-inter-byte-timeout@https://registry.npmjs.org/@serialport/parser-inter-byte-timeout/-/parser-inter-byte-timeout-10.5.0.tgz. Extracting by manifest.
323 silly tarball no local data for @serialport/parser-byte-length@https://registry.npmjs.org/@serialport/parser-byte-length/-/parser-byte-length-10.5.0.tgz. Extracting by manifest.
324 silly tarball no local data for @serialport/parser-readline@https://registry.npmjs.org/@serialport/parser-readline/-/parser-readline-10.5.0.tgz. Extracting by manifest.
325 silly tarball no local data for @serialport/parser-delimiter@https://registry.npmjs.org/@serialport/parser-delimiter/-/parser-delimiter-10.5.0.tgz. Extracting by manifest.
326 silly tarball no local data for @serialport/parser-cctalk@https://registry.npmjs.org/@serialport/parser-cctalk/-/parser-cctalk-10.5.0.tgz. Extracting by manifest.
327 silly tarball no local data for serialport@https://registry.npmjs.org/serialport/-/serialport-10.5.0.tgz. Extracting by manifest.
328 silly tarball no local data for @serialport/parser-regex@https://registry.npmjs.org/@serialport/parser-regex/-/parser-regex-10.5.0.tgz. Extracting by manifest.
329 silly tarball no local data for @serialport/parser-spacepacket@https://registry.npmjs.org/@serialport/parser-spacepacket/-/parser-spacepacket-10.5.0.tgz. Extracting by manifest.
330 silly tarball no local data for @serialport/parser-ready@https://registry.npmjs.org/@serialport/parser-ready/-/parser-ready-10.5.0.tgz. Extracting by manifest.
331 silly tarball no local data for debug@https://registry.npmjs.org/debug/-/debug-3.2.7.tgz. Extracting by manifest.
332 silly tarball no local data for @serialport/bindings-cpp@https://registry.npmjs.org/@serialport/bindings-cpp/-/bindings-cpp-10.8.0.tgz. Extracting by manifest.
333 http fetch GET 200 https://registry.npmjs.org/buffer-from/-/buffer-from-1.1.2.tgz 101ms (cache miss)
334 http fetch GET 200 https://registry.npmjs.org/source-map/-/source-map-0.6.1.tgz 126ms (cache miss)
335 http fetch POST 200 https://registry.npmjs.org/-/npm/v1/security/advisories/bulk 238ms
336 silly audit report {}
337 http fetch GET 200 https://registry.npmjs.org/@serialport/parser-readline/-/parser-readline-11.0.0.tgz 206ms (cache miss)
338 http fetch GET 200 https://registry.npmjs.org/ms/-/ms-2.1.3.tgz 316ms (cache miss)
339 http fetch GET 200 https://registry.npmjs.org/node-gyp-build/-/node-gyp-build-4.6.0.tgz 316ms (cache miss)
340 http fetch GET 200 https://registry.npmjs.org/@serialport/binding-mock/-/binding-mock-10.2.2.tgz 339ms (cache miss)
341 http fetch GET 200 https://registry.npmjs.org/crc/-/crc-3.4.0.tgz 345ms (cache miss)
342 http fetch GET 200 https://registry.npmjs.org/@serialport/parser-slip-encoder/-/parser-slip-encoder-12.0.0.tgz 371ms (cache miss)
343 http fetch GET 200 https://registry.npmjs.org/node-addon-api/-/node-addon-api-7.0.0.tgz 388ms (cache miss)
344 http fetch GET 200 https://registry.npmjs.org/source-map-support/-/source-map-support-0.5.21.tgz 392ms (cache miss)
345 http fetch GET 200 https://registry.npmjs.org/@serialport/parser-packet-length/-/parser-packet-length-12.0.0.tgz 400ms (cache miss)
346 http fetch GET 200 https://registry.npmjs.org/commander/-/commander-11.0.0.tgz 404ms (cache miss)
347 http fetch GET 200 https://registry.npmjs.org/debug/-/debug-4.3.7.tgz 413ms (cache miss)
348 http fetch GET 200 https://registry.npmjs.org/serialport/-/serialport-12.0.0.tgz 450ms (cache miss)
349 http fetch GET 200 https://registry.npmjs.org/line-by-line/-/line-by-line-0.1.6.tgz 537ms (cache miss)
350 http fetch GET 200 https://registry.npmjs.org/ms/-/ms-2.1.2.tgz 543ms (cache miss)
351 http fetch GET 200 https://registry.npmjs.org/ms/-/ms-2.1.2.tgz 566ms (cache miss)
352 http fetch GET 200 https://registry.npmjs.org/bson/-/bson-6.9.1.tgz 570ms (cache miss)
353 http fetch GET 200 https://registry.npmjs.org/jsmodbus/-/jsmodbus-4.0.10.tgz 580ms (cache miss)
354 http fetch GET 200 https://registry.npmjs.org/debug/-/debug-4.3.4.tgz 598ms (cache miss)
355 http fetch GET 200 https://registry.npmjs.org/debug/-/debug-4.3.4.tgz 619ms (cache miss)
356 http fetch GET 200 https://registry.npmjs.org/@serialport/parser-regex/-/parser-regex-12.0.0.tgz 635ms (cache miss)
357 http fetch GET 200 https://registry.npmjs.org/node-addon-api/-/node-addon-api-5.1.0.tgz 675ms (cache miss)
358 http fetch GET 200 https://registry.npmjs.org/debug/-/debug-4.3.4.tgz 681ms (cache miss)
359 http fetch GET 200 https://registry.npmjs.org/@serialport/parser-spacepacket/-/parser-spacepacket-12.0.0.tgz 697ms (cache miss)
360 http fetch GET 200 https://registry.npmjs.org/@serialport/parser-cctalk/-/parser-cctalk-12.0.0.tgz 714ms (cache miss)
361 http fetch GET 200 https://registry.npmjs.org/@serialport/stream/-/stream-12.0.0.tgz 718ms (cache miss)
362 http fetch GET 200 https://registry.npmjs.org/ms/-/ms-2.1.2.tgz 758ms (cache miss)
363 http fetch GET 200 https://registry.npmjs.org/@serialport/parser-ready/-/parser-ready-12.0.0.tgz 770ms (cache miss)
364 http fetch GET 200 https://registry.npmjs.org/underscore/-/underscore-1.13.7.tgz 778ms (cache miss)
365 http fetch GET 200 https://registry.npmjs.org/@serialport/bindings-interface/-/bindings-interface-1.2.2.tgz 846ms (cache miss)
366 http fetch GET 200 https://registry.npmjs.org/@serialport/parser-inter-byte-timeout/-/parser-inter-byte-timeout-12.0.0.tgz 905ms (cache miss)
367 http fetch GET 200 https://registry.npmjs.org/@serialport/parser-delimiter/-/parser-delimiter-11.0.0.tgz 941ms (cache miss)
368 http fetch GET 200 https://registry.npmjs.org/@serialport/parser-byte-length/-/parser-byte-length-12.0.0.tgz 1074ms (cache miss)
369 http fetch GET 200 https://registry.npmjs.org/@serialport/bindings-cpp/-/bindings-cpp-12.0.1.tgz 1076ms (cache miss)
370 http fetch GET 200 https://registry.npmjs.org/@xstate/fsm/-/fsm-2.1.0.tgz 1097ms (cache miss)
371 http fetch GET 200 https://registry.npmjs.org/@serialport/list/-/list-12.0.0.tgz 1126ms (cache miss)
372 http fetch GET 200 https://registry.npmjs.org/serialport/-/serialport-10.5.0.tgz 1137ms (cache miss)
373 http fetch GET 200 https://registry.npmjs.org/@serialport/parser-readline/-/parser-readline-12.0.0.tgz 1161ms (cache miss)
374 http fetch GET 200 https://registry.npmjs.org/node-red-contrib-modbus/-/node-red-contrib-modbus-5.45.2.tgz 1199ms (cache miss)
375 http fetch GET 200 https://registry.npmjs.org/debug/-/debug-3.2.7.tgz 1194ms (cache miss)
376 http fetch GET 200 https://registry.npmjs.org/@serialport/parser-delimiter/-/parser-delimiter-12.0.0.tgz 1255ms (cache miss)
377 http fetch GET 200 https://registry.npmjs.org/@serialport/parser-packet-length/-/parser-packet-length-10.5.0.tgz 1288ms (cache miss)
378 http fetch GET 200 https://registry.npmjs.org/@serialport/stream/-/stream-10.5.0.tgz 1315ms (cache miss)
379 http fetch GET 200 https://registry.npmjs.org/@serialport/parser-slip-encoder/-/parser-slip-encoder-10.5.0.tgz 1315ms (cache miss)
380 http fetch GET 200 https://registry.npmjs.org/@serialport/parser-inter-byte-timeout/-/parser-inter-byte-timeout-10.5.0.tgz 1344ms (cache miss)
381 http fetch GET 200 https://registry.npmjs.org/@serialport/parser-byte-length/-/parser-byte-length-10.5.0.tgz 1369ms (cache miss)
382 http fetch GET 200 https://registry.npmjs.org/@serialport/parser-readline/-/parser-readline-10.5.0.tgz 1435ms (cache miss)
383 http fetch GET 200 https://registry.npmjs.org/@serialport/parser-delimiter/-/parser-delimiter-10.5.0.tgz 1517ms (cache miss)
384 http fetch GET 200 https://registry.npmjs.org/@serialport/parser-cctalk/-/parser-cctalk-10.5.0.tgz 1658ms (cache miss)
385 http fetch GET 200 https://registry.npmjs.org/@serialport/parser-spacepacket/-/parser-spacepacket-10.5.0.tgz 1731ms (cache miss)
386 http fetch GET 200 https://registry.npmjs.org/@serialport/parser-ready/-/parser-ready-10.5.0.tgz 1743ms (cache miss)
387 http fetch GET 200 https://registry.npmjs.org/@serialport/parser-regex/-/parser-regex-10.5.0.tgz 1758ms (cache miss)
388 http fetch GET 200 https://registry.npmjs.org/@serialport/bindings-cpp/-/bindings-cpp-10.8.0.tgz 1954ms (cache miss)
389 info run @serialport/bindings-cpp@12.0.1 install node_modules/@serialport/bindings-cpp node-gyp-build
390 info run @serialport/bindings-cpp@10.8.0 install node_modules/@openp4nr/modbus-serial/node_modules/@serialport/bindings-cpp node-gyp-build
391 info run @serialport/bindings-cpp@10.8.0 install { code: 0, signal: null }
392 info run @serialport/bindings-cpp@12.0.1 install { code: 0, signal: null }
393 silly ADD node_modules/source-map
394 silly ADD node_modules/buffer-from
395 silly ADD node_modules/@serialport/stream
396 silly ADD node_modules/@serialport/stream/node_modules/ms
397 silly ADD node_modules/@serialport/stream/node_modules/debug
398 silly ADD node_modules/@serialport/parser-spacepacket
399 silly ADD node_modules/@serialport/parser-slip-encoder
400 silly ADD node_modules/@serialport/parser-regex
401 silly ADD node_modules/@serialport/parser-ready
402 silly ADD node_modules/@serialport/parser-packet-length
403 silly ADD node_modules/@serialport/parser-inter-byte-timeout
404 silly ADD node_modules/@serialport/parser-cctalk
405 silly ADD node_modules/@serialport/parser-byte-length
406 silly ADD node_modules/@serialport/binding-mock
407 silly ADD node_modules/crc
408 silly ADD node_modules/ms
409 silly ADD node_modules/@serialport/parser-delimiter
410 silly ADD node_modules/node-gyp-build
411 silly ADD node_modules/node-addon-api
412 silly ADD node_modules/@serialport/parser-readline
413 silly ADD node_modules/@serialport/bindings-interface
414 silly ADD node_modules/commander
415 silly ADD node_modules/@serialport/bindings-cpp
416 silly ADD node_modules/@serialport/bindings-cpp/node_modules/ms
417 silly ADD node_modules/@serialport/bindings-cpp/node_modules/debug
418 silly ADD node_modules/underscore
419 silly ADD node_modules/source-map-support
420 silly ADD node_modules/serialport
421 silly ADD node_modules/serialport/node_modules/ms
422 silly ADD node_modules/serialport/node_modules/debug
423 silly ADD node_modules/serialport/node_modules/@serialport/parser-readline
424 silly ADD node_modules/serialport/node_modules/@serialport/parser-delimiter
425 silly ADD node_modules/line-by-line
426 silly ADD node_modules/jsmodbus
427 silly ADD node_modules/jsmodbus/node_modules/debug
428 silly ADD node_modules/debug
429 silly ADD node_modules/bson
430 silly ADD node_modules/@xstate/fsm
431 silly ADD node_modules/@serialport/list
432 silly ADD node_modules/@openp4nr/modbus-serial
433 silly ADD node_modules/@openp4nr/modbus-serial/node_modules/node-addon-api
434 silly ADD node_modules/@openp4nr/modbus-serial/node_modules/@serialport/stream
435 silly ADD node_modules/@openp4nr/modbus-serial/node_modules/@serialport/parser-spacepacket
436 silly ADD node_modules/@openp4nr/modbus-serial/node_modules/@serialport/parser-slip-encoder
437 silly ADD node_modules/@openp4nr/modbus-serial/node_modules/@serialport/parser-regex
438 silly ADD node_modules/@openp4nr/modbus-serial/node_modules/@serialport/parser-ready
439 silly ADD node_modules/@openp4nr/modbus-serial/node_modules/@serialport/parser-readline
440 silly ADD node_modules/@openp4nr/modbus-serial/node_modules/@serialport/parser-packet-length
441 silly ADD node_modules/@openp4nr/modbus-serial/node_modules/@serialport/parser-inter-byte-timeout
442 silly ADD node_modules/@openp4nr/modbus-serial/node_modules/@serialport/parser-delimiter
443 silly ADD node_modules/@openp4nr/modbus-serial/node_modules/@serialport/parser-cctalk
444 silly ADD node_modules/@openp4nr/modbus-serial/node_modules/@serialport/parser-byte-length
445 silly ADD node_modules/@openp4nr/modbus-serial/node_modules/@serialport/bindings-cpp
446 silly ADD node_modules/@openp4nr/modbus-serial/node_modules/serialport
447 silly ADD node_modules/node-red-contrib-modbus
448 verbose cwd /data
449 verbose os Linux 6.10.14-linuxkit
450 verbose node v20.19.5
451 verbose npm  v10.8.2
452 notice
452 notice New [31mmajor[39m version of npm available! [31m10.8.2[39m -> [34m11.6.2[39m
452 notice Changelog: [34mhttps://github.com/npm/cli/releases/tag/v11.6.2[39m
452 notice To update run: [4mnpm install -g npm@11.6.2[24m
452 notice  { force: true, [Symbol(proc-log.meta)]: true }
453 verbose exit 0
454 info ok
